# column   1     --> step : The current simulation time step.
# column   2     --> time{picosecond} : The elapsed simulation time.
# column   3     --> potential{kelvin} : The physical system potential energy.
# column   4     --> temperature{kelvin} : The current temperature, as obtained from the MD kinetic energy.
# column   5     --> pressure_cv{bar} : The quantum estimator for pressure of the physical system.
# column   6     --> density{g/cm3} : The mass density of the physical system.
    0.00000000e+00     0.00000000e+00    -1.27477450e+06     3.06833640e+02    -7.09195253e+04     1.02685131e+00   
    1.00000000e+00     1.00000000e-03    -1.53813768e+06     4.07828870e+02    -5.05332203e+04     1.02686623e+00   
    2.00000000e+00     2.00000000e-03    -1.94412460e+06     5.63880773e+02    -1.57250063e+03     1.02692680e+00   
    3.00000000e+00     3.00000000e-03    -1.92503082e+06     5.54732445e+02     4.88904974e+04     1.02696909e+00   
    4.00000000e+00     4.00000000e-03    -1.63550819e+06     4.41877412e+02     7.87868668e+04     1.02697313e+00   
    5.00000000e+00     5.00000000e-03    -1.64833291e+06     4.45826787e+02     7.89782627e+04     1.02692619e+00   
    6.00000000e+00     6.00000000e-03    -1.98268723e+06     5.70536626e+02     4.92290916e+04     1.02683164e+00   
    7.00000000e+00     7.00000000e-03    -2.06451743e+06     5.89592168e+02    -2.05076939e+03     1.02671016e+00   
    8.00000000e+00     8.00000000e-03    -1.68043690e+06     4.35483031e+02    -5.30761844e+04     1.02657906e+00   
    9.00000000e+00     9.00000000e-03    -1.36716778e+06     3.10479469e+02    -7.64950838e+04     1.02647944e+00   
    1.00000000e+01     1.00000000e-02    -1.56003091e+06     3.82774150e+02    -5.84286480e+04     1.02643876e+00   
    1.10000000e+01     1.10000000e-02    -1.90153115e+06     5.11305948e+02    -1.07147836e+04     1.02643132e+00   
    1.20000000e+01     1.20000000e-02    -1.84823935e+06     4.90378601e+02     4.00636584e+04     1.02642462e+00   
    1.30000000e+01     1.30000000e-02    -1.54034192e+06     3.72082977e+02     7.17867247e+04     1.02639394e+00   
    1.40000000e+01     1.40000000e-02    -1.54963065e+06     3.76682648e+02     7.45400653e+04     1.02631997e+00   
    1.50000000e+01     1.50000000e-02    -1.91241640e+06     5.13743854e+02     4.80960526e+04     1.02617923e+00   
    1.60000000e+01     1.60000000e-02    -2.06938590e+06     5.71637903e+02     6.24888556e+02     1.02601282e+00   
    1.70000000e+01     1.70000000e-02    -1.77378750e+06     4.54348265e+02    -4.76635542e+04     1.02584870e+00   
    1.80000000e+01     1.80000000e-02    -1.49059878e+06     3.41996919e+02    -7.08984166e+04     1.02571465e+00   
    1.90000000e+01     1.90000000e-02    -1.65145892e+06     4.04232407e+02    -5.52217758e+04     1.02563378e+00   
    2.00000000e+01     2.00000000e-02    -1.97220621e+06     5.23476771e+02    -1.01683448e+04     1.02559903e+00   
    2.10000000e+01     2.10000000e-02    -1.92920880e+06     5.02209515e+02     3.93224371e+04     1.02557433e+00   
    2.20000000e+01     2.20000000e-02    -1.60200115e+06     3.74806845e+02     7.12978132e+04     1.02552825e+00   
    2.30000000e+01     2.30000000e-02    -1.53175180e+06     3.44133570e+02     7.58274278e+04     1.02543808e+00   
    2.40000000e+01     2.40000000e-02    -1.83753862e+06     4.58620594e+02     5.22022531e+04     1.02528233e+00   
    2.50000000e+01     2.50000000e-02    -2.03440649e+06     5.29353941e+02     7.22506959e+03     1.02508867e+00   
    2.60000000e+01     2.60000000e-02    -1.81368653e+06     4.41176328e+02    -4.13414636e+04     1.02488206e+00   
    2.70000000e+01     2.70000000e-02    -1.54710764e+06     3.37738394e+02    -6.85904086e+04     1.02471282e+00   
    2.80000000e+01     2.80000000e-02    -1.68590494e+06     3.89435849e+02    -5.86057081e+04     1.02460194e+00   
    2.90000000e+01     2.90000000e-02    -2.02966957e+06     5.18107963e+02    -1.79625267e+04     1.02454125e+00   
    3.00000000e+01     3.00000000e-02    -2.05381259e+06     5.23780179e+02     2.98010607e+04     1.02449103e+00   
    3.10000000e+01     3.10000000e-02    -1.74483253e+06     4.01854419e+02     6.26427879e+04     1.02440634e+00   
    3.20000000e+01     3.20000000e-02    -1.60352439e+06     3.42443855e+02     6.93790839e+04     1.02427189e+00   
    3.30000000e+01     3.30000000e-02    -1.82714100e+06     4.25282461e+02     4.87698967e+04     1.02407352e+00   
    3.40000000e+01     3.40000000e-02    -2.00592295e+06     4.87100423e+02     7.00690988e+03     1.02383473e+00   
    3.50000000e+01     3.50000000e-02    -1.81991631e+06     4.11983958e+02    -3.90299911e+04     1.02360379e+00   
    3.60000000e+01     3.60000000e-02    -1.56504222e+06     3.11566178e+02    -6.58887514e+04     1.02340669e+00   
    3.70000000e+01     3.70000000e-02    -1.67494269e+06     3.55251219e+02    -5.77804929e+04     1.02324800e+00   
    3.80000000e+01     3.80000000e-02    -2.01112438e+06     4.85312428e+02    -1.99435989e+04     1.02313380e+00   
    3.90000000e+01     3.90000000e-02    -2.09188997e+06     5.13692373e+02     2.62252744e+04     1.02303850e+00   
    4.00000000e+01     4.00000000e-02    -1.86091113e+06     4.20891989e+02     5.91640386e+04     1.02294004e+00   
    4.10000000e+01     4.10000000e-02    -1.73618962e+06     3.70887498e+02     6.79157588e+04     1.02281039e+00   
    4.20000000e+01     4.20000000e-02    -1.90851705e+06     4.35173938e+02     5.06483194e+04     1.02263831e+00   
    4.30000000e+01     4.30000000e-02    -2.05350063e+06     4.82369088e+02     1.29603094e+04     1.02242951e+00   
    4.40000000e+01     4.40000000e-02    -1.88111071e+06     4.08631266e+02    -2.98145312e+04     1.02221482e+00   
    4.50000000e+01     4.50000000e-02    -1.62404216e+06     3.08074679e+02    -5.65832875e+04     1.02202692e+00   
    4.60000000e+01     4.60000000e-02    -1.67755279e+06     3.29985232e+02    -5.20634302e+04     1.02188637e+00   
    4.70000000e+01     4.70000000e-02    -1.96471922e+06     4.40778001e+02    -1.94090070e+04     1.02177703e+00   
    4.80000000e+01     4.80000000e-02    -2.06865316e+06     4.77047521e+02     2.27753985e+04     1.02168922e+00   
    4.90000000e+01     4.90000000e-02    -1.89175589e+06     4.09752239e+02     5.44075096e+04     1.02157852e+00   
    5.00000000e+01     5.00000000e-02    -1.78006067e+06     3.65020381e+02     6.38553768e+04     1.02142853e+00   
    5.10000000e+01     5.10000000e-02    -1.94005399e+06     4.21428389e+02     4.84035516e+04     1.02123412e+00   
    5.20000000e+01     5.20000000e-02    -2.09845295e+06     4.76841135e+02     1.27584427e+04     1.02100794e+00   
    5.30000000e+01     5.30000000e-02    -1.95992783e+06     4.16930805e+02    -2.92900045e+04     1.02077376e+00   
    5.40000000e+01     5.40000000e-02    -1.70700144e+06     3.17878052e+02    -5.68352041e+04     1.02056101e+00   
    5.50000000e+01     5.50000000e-02    -1.71164375e+06     3.18748403e+02    -5.49548983e+04     1.02038536e+00   
    5.60000000e+01     5.60000000e-02    -1.94775512e+06     4.10793569e+02    -2.48438971e+04     1.02024279e+00   
    5.70000000e+01     5.70000000e-02    -2.04088374e+06     4.46152096e+02     1.60073365e+04     1.02012046e+00   
    5.80000000e+01     5.80000000e-02    -1.88212518e+06     3.84071505e+02     4.81133293e+04     1.01998023e+00   
    5.90000000e+01     5.90000000e-02    -1.77846341e+06     3.44298917e+02     5.95812703e+04     1.01981525e+00   
    6.00000000e+01     6.00000000e-02    -1.93618451e+06     4.03623509e+02     4.71886298e+04     1.01961669e+00   
    6.10000000e+01     6.10000000e-02    -2.11261053e+06     4.63512278e+02     1.53222788e+04     1.01938500e+00   
    6.20000000e+01     6.20000000e-02    -2.01984974e+06     4.26210524e+02    -2.37260180e+04     1.01914539e+00   
    6.30000000e+01     6.30000000e-02    -1.79177719e+06     3.37775123e+02    -5.08847789e+04     1.01892247e+00   
    6.40000000e+01     6.40000000e-02    -1.77756770e+06     3.29615145e+02    -5.09452421e+04     1.01873875e+00   
    6.50000000e+01     6.50000000e-02    -1.98501830e+06     4.07382574e+02    -2.38802824e+04     1.01859521e+00   
    6.60000000e+01     6.60000000e-02    -2.07807073e+06     4.40331879e+02     1.50217973e+04     1.01846609e+00   
    6.70000000e+01     6.70000000e-02    -1.92401237e+06     3.78961701e+02     4.68547138e+04     1.01832888e+00   
    6.80000000e+01     6.80000000e-02    -1.78940732e+06     3.26566517e+02     5.96446457e+04     1.01816940e+00   
    6.90000000e+01     6.90000000e-02    -1.90040502e+06     3.69206670e+02     4.95255206e+04     1.01797967e+00   
    7.00000000e+01     7.00000000e-02    -2.07819311e+06     4.36539255e+02     1.99224591e+04     1.01776557e+00   
    7.10000000e+01     7.10000000e-02    -2.02972247e+06     4.15601739e+02    -1.84431271e+04     1.01754309e+00   
    7.20000000e+01     7.20000000e-02    -1.82326867e+06     3.34250490e+02    -4.75069278e+04     1.01733816e+00   
    7.30000000e+01     7.30000000e-02    -1.78487739e+06     3.18973867e+02    -5.14982389e+04     1.01716967e+00   
    7.40000000e+01     7.40000000e-02    -1.97228391e+06     3.91316736e+02    -2.85426924e+04     1.01704173e+00   
    7.50000000e+01     7.50000000e-02    -2.08953685e+06     4.33088521e+02     7.87031274e+03     1.01693906e+00   
    7.60000000e+01     7.60000000e-02    -1.96156885e+06     3.80085600e+02     3.95613337e+04     1.01683808e+00   
    7.70000000e+01     7.70000000e-02    -1.80533583e+06     3.17734864e+02     5.39240928e+04     1.01670546e+00   
    7.80000000e+01     7.80000000e-02    -1.86918451e+06     3.40434708e+02     4.64651124e+04     1.01653811e+00   
    7.90000000e+01     7.90000000e-02    -2.03091737e+06     3.97207561e+02     1.97061760e+04     1.01633347e+00   
    8.00000000e+01     8.00000000e-02    -2.01258523e+06     3.86336853e+02    -1.60051861e+04     1.01610104e+00   
